<?xml version="1.0" encoding="UTF-8"?>
<!-- Generated by org.testng.reporters.JUnitReportReporter -->
<testsuite hostname="DESKTOP-LAJ2FNU" failures="0" tests="1" name="Selenium.FrameworkDesignauto.StandAlonecopy" time="205.778" errors="0" timestamp="2025-10-10T17:09:44 IST" skipped="0">
  <testcase classname="Selenium.FrameworkDesignauto.StandAlonecopy" name="SubmitOrder" time="205.778"/>
</testsuite> <!-- Selenium.FrameworkDesignauto.StandAlonecopy -->
