<?xml version="1.0" encoding="UTF-8"?>
<!-- Generated by org.testng.reporters.JUnitReportReporter -->
<testsuite hostname="DESKTOP-LAJ2FNU" failures="0" tests="1" name="cucumber.TestNGTestRunner" time="128.019" errors="0" timestamp="2025-10-14T17:49:55 IST" skipped="0">
  <testcase classname="cucumber.TestNGTestRunner" name="runScenario" time="128.019"/>
</testsuite> <!-- cucumber.TestNGTestRunner -->
