<?xml version="1.0" encoding="UTF-8"?>
<!-- Generated by org.testng.reporters.JUnitReportReporter -->
<testsuite hostname="INLPF29YZ7P" failures="0" tests="1" name="Selenium.FrameworkDesignauto.StandAlonecopy" time="47.479" errors="0" timestamp="2025-09-11T18:07:46 IST" skipped="0">
  <testcase classname="Selenium.FrameworkDesignauto.StandAlonecopy" name="SubmitOrder" time="47.479"/>
</testsuite> <!-- Selenium.FrameworkDesignauto.StandAlonecopy -->
